f:\desktop\newproject\builds\visualstudio2019\x64\debug\shared code\apm.obj
f:\desktop\newproject\builds\visualstudio2019\x64\debug\shared code\include_juce_dsp.obj
f:\desktop\newproject\builds\visualstudio2019\x64\debug\shared code\include_juce_audio_devices.obj
f:\desktop\newproject\builds\visualstudio2019\x64\debug\shared code\include_juce_core.obj
f:\desktop\newproject\builds\visualstudio2019\x64\debug\shared code\plugineditor.obj
f:\desktop\newproject\builds\visualstudio2019\x64\debug\shared code\include_juce_audio_utils.obj
f:\desktop\newproject\builds\visualstudio2019\x64\debug\shared code\spectralcentroid.obj
f:\desktop\newproject\builds\visualstudio2019\x64\debug\shared code\include_juce_data_structures.obj
f:\desktop\newproject\builds\visualstudio2019\x64\debug\shared code\include_juce_graphics.obj
f:\desktop\newproject\builds\visualstudio2019\x64\debug\shared code\panfeature.obj
f:\desktop\newproject\builds\visualstudio2019\x64\debug\shared code\include_juce_events.obj
f:\desktop\newproject\builds\visualstudio2019\x64\debug\shared code\include_juce_gui_extra.obj
f:\desktop\newproject\builds\visualstudio2019\x64\debug\shared code\pluginprocessor.obj
f:\desktop\newproject\builds\visualstudio2019\x64\debug\shared code\include_juce_audio_processors.obj
f:\desktop\newproject\builds\visualstudio2019\x64\debug\shared code\beatdetector.obj
f:\desktop\newproject\builds\visualstudio2019\x64\debug\shared code\include_juce_audio_plugin_client_utils.obj
f:\desktop\newproject\builds\visualstudio2019\x64\debug\shared code\include_juce_gui_basics.obj
f:\desktop\newproject\builds\visualstudio2019\x64\debug\shared code\include_juce_audio_basics.obj
f:\desktop\newproject\builds\visualstudio2019\x64\debug\shared code\include_juce_audio_formats.obj
f:\desktop\newproject\builds\visualstudio2019\x64\debug\shared code\festivalle_sharedcode.pdb
f:\desktop\newproject\builds\visualstudio2019\x64\debug\shared code\newproject.lib
f:\desktop\newproject\builds\visualstudio2019\x64\debug\shared code\festival.920cbefa.tlog\cl.command.1.tlog
f:\desktop\newproject\builds\visualstudio2019\x64\debug\shared code\festival.920cbefa.tlog\cl.read.1.tlog
f:\desktop\newproject\builds\visualstudio2019\x64\debug\shared code\festival.920cbefa.tlog\cl.write.1.tlog
f:\desktop\newproject\builds\visualstudio2019\x64\debug\shared code\festival.920cbefa.tlog\lib-link.read.1.tlog
f:\desktop\newproject\builds\visualstudio2019\x64\debug\shared code\festival.920cbefa.tlog\lib-link.write.1.tlog
f:\desktop\newproject\builds\visualstudio2019\x64\debug\shared code\festival.920cbefa.tlog\lib.command.1.tlog
